<?xml version="1.0" encoding="UTF-8"?>
<!-- Generated by org.testng.reporters.JUnitXMLReporter -->
<testsuite ignored="1" hostname="CHELSA-KALAPURAYIL.local" failures="0" tests="1" name="Test" time="12.265" errors="0" timestamp="2025-07-09T09:20:12 AEST">
  <testcase classname="TestScripts.QaLegendProductItemsTest" name="deleteAnItem" time="8.371"/>
  <testcase classname="TestScripts.QaLegendProductItemsTest" name="addAnItem" time="0.0">
    <ignored/>
  </testcase> <!-- addAnItem -->
</testsuite> <!-- Test -->
