<?xml version="1.0" encoding="UTF-8"?>
<!-- Generated by org.testng.reporters.JUnitXMLReporter -->
<testsuite ignored="1" hostname="CHELSA-KALAPURAYIL.local" failures="0" tests="1" name="Test" time="12.829" errors="0" timestamp="2025-07-11T11:31:27 AEST">
  <testcase classname="TestScripts.QaLegendProductInvoiceTest" name="addItemToNewInvoice" time="8.684"/>
  <testcase classname="TestScripts.QaLegendProductInvoiceTest" name="addInvoice" time="0.0">
    <ignored/>
  </testcase> <!-- addInvoice -->
</testsuite> <!-- Test -->
