<?xml version="1.0" encoding="UTF-8"?>
<testng-results ignored="1" total="2" passed="1" failed="0" skipped="0">
  <reporter-output>
  </reporter-output>
  <suite started-at="2025-07-11T11:31:14 AEST" name="Suite" finished-at="2025-07-11T11:31:27 AEST" duration-ms="12829">
    <groups>
    </groups>
    <test started-at="2025-07-11T11:31:14 AEST" name="Test" finished-at="2025-07-11T11:31:27 AEST" duration-ms="12829">
      <class name="TestScripts.QaLegendProductInvoiceTest">
        <test-method is-config="true" signature="initialisation(java.lang.String)[pri:0, instance:TestScripts.QaLegendProductInvoiceTest@273444fe]" started-at="2025-07-11T11:31:14 AEST" name="initialisation" finished-at="2025-07-11T11:31:19 AEST" duration-ms="4108" status="PASS">
          <params>
            <param index="0">
              <value>
                <![CDATA[Chrome]]>
              </value>
            </param>
          </params>
          <reporter-output>
          </reporter-output>
        </test-method> <!-- initialisation -->
        <test-method signature="addItemToNewInvoice()[pri:0, instance:TestScripts.QaLegendProductInvoiceTest@273444fe]" started-at="2025-07-11T11:31:19 AEST" name="addItemToNewInvoice" finished-at="2025-07-11T11:31:27 AEST" duration-ms="8684" status="PASS">
          <reporter-output>
          </reporter-output>
        </test-method> <!-- addItemToNewInvoice -->
        <test-method is-config="true" signature="afterMethod(org.testng.ITestResult)[pri:0, instance:TestScripts.QaLegendProductInvoiceTest@273444fe]" started-at="2025-07-11T11:31:27 AEST" name="afterMethod" finished-at="2025-07-11T11:31:27 AEST" duration-ms="1" status="PASS">
          <params>
            <param index="0">
              <value>
                <![CDATA[[TestResult name=addItemToNewInvoice status=SUCCESS method=QaLegendProductInvoiceTest.addItemToNewInvoice()[pri:0, instance:TestScripts.QaLegendProductInvoiceTest@273444fe] output={null}]]]>
              </value>
            </param>
          </params>
          <reporter-output>
          </reporter-output>
        </test-method> <!-- afterMethod -->
      </class> <!-- TestScripts.QaLegendProductInvoiceTest -->
    </test> <!-- Test -->
  </suite> <!-- Suite -->
</testng-results>
